android/app/build/outputs/logs/manifest-merger-debug-report.txt
-- Merging decision tree log ---
manifest
ADDED from src\main\AndroidManifest.xml:1:1-27:12
INJECTED from src\main\AndroidManifest.xml:1:1-27:12
INJECTED from src\main\AndroidManifest.xml:1:1-27:12
INJECTED from src\main\AndroidManifest.xml:1:1-27:12
MERGED from src\main\AndroidManifest.xml:1:1-27:12
MERGED from [:unimodules-react-native-adapter] AndroidManifest.xml:2:1-11:12
MERGED from [:react-native-community_async-storage] AndroidManifest.xml:2:1-9:12
MERGED from [:react-native-fs] AndroidManifest.xml:2:1-13:12
MERGED from [:react-native-svg] AndroidManifest.xml:2:1-9:12
MERGED from [com.facebook.react:react-native:0.61.5] AndroidManifest.xml:2:1-13:12
MERGED from [org.webkit:android-jsc:r245459] AndroidManifest.xml:2:1-11:12
MERGED from [:expo-app-loader-provider] AndroidManifest.xml:2:1-11:12
MERGED from [:expo-camera] AndroidManifest.xml:2:1-11:12
MERGED from [:expo-constants] AndroidManifest.xml:2:1-11:12
MERGED from [:expo-file-system] AndroidManifest.xml:2:1-30:12
MERGED from [:expo-gl] AndroidManifest.xml:2:1-15:12
MERGED from [:expo-image-manipulator] AndroidManifest.xml:2:1-11:12
MERGED from [:expo-permissions] AndroidManifest.xml:2:1-11:12
MERGED from [:unimodules-barcode-scanner-interface] AndroidManifest.xml:2:1-11:12
MERGED from [:unimodules-camera-interface] AndroidManifest.xml:2:1-11:12
MERGED from [:unimodules-constants-interface] AndroidManifest.xml:2:1-11:12
MERGED from [:unimodules-face-detector-interface] AndroidManifest.xml:2:1-11:12
MERGED from [:unimodules-file-system-interface] AndroidManifest.xml:2:1-11:12
MERGED from [:unimodules-font-interface] AndroidManifest.xml:2:1-11:12
MERGED from [:unimodules-permissions-interface] AndroidManifest.xml:2:1-11:12
MERGED from [:unimodules-task-manager-interface] AndroidManifest.xml:2:1-11:12
MERGED from [:unimodules-core] AndroidManifest.xml:2:1-11:12
MERGED from [:expo-gl-cpp] AndroidManifest.xml:2:1-11:12
MERGED from [:unimodules-image-loader-interface] AndroidManifest.xml:2:1-11:12
MERGED from [:unimodules-sensors-interface] AndroidManifest.xml:2:1-11:12
MERGED from [com.google.android:cameraview:1.0.0] AndroidManifest.xml:14:1-34:12
MERGED from [androidx.appcompat:appcompat:1.0.2] AndroidManifest.xml:17:1-22:12
MERGED from [com.facebook.fresco:fresco:2.0.0] AndroidManifest.xml:2:1-9:12
MERGED from [com.facebook.fresco:imagepipeline-okhttp3:2.0.0] AndroidManifest.xml:2:1-9:12
MERGED from [com.facebook.fresco:drawee:2.0.0] AndroidManifest.xml:2:1-9:12
MERGED from [com.facebook.fresco:nativeimagefilters:2.0.0] AndroidManifest.xml:2:1-9:12
MERGED from [com.facebook.fresco:imagepipeline:2.0.0] AndroidManifest.xml:2:1-9:12
MERGED from [com.facebook.fresco:nativeimagetranscoder:2.0.0] AndroidManifest.xml:2:1-9:12
MERGED from [com.facebook.fresco:imagepipeline-base:2.0.0] AndroidManifest.xml:2:1-9:12
MERGED from [com.facebook.soloader:soloader:0.6.0] AndroidManifest.xml:2:1-13:12
MERGED from [com.github.bumptech.glide:glide:4.9.0] AndroidManifest.xml:2:1-12:12
MERGED from [androidx.exifinterface:exifinterface:1.0.0] AndroidManifest.xml:17:1-22:12
MERGED from [androidx.legacy:legacy-support-v4:1.0.0] AndroidManifest.xml:17:1-22:12
MERGED from [androidx.fragment:fragment:1.0.0] AndroidManifest.xml:17:1-22:12
MERGED from [androidx.vectordrawable:vectordrawable-animated:1.0.0] AndroidManifest.xml:17:1-22:12
MERGED from [androidx.legacy:legacy-support-core-ui:1.0.0] AndroidManifest.xml:17:1-22:12
MERGED from [androidx.legacy:legacy-support-core-utils:1.0.0] AndroidManifest.xml:17:1-22:12
MERGED from [androidx.vectordrawable:vectordrawable:1.0.1] AndroidManifest.xml:17:1-22:12
MERGED from [androidx.media:media:1.0.0] AndroidManifest.xml:17:1-22:12
MERGED from [androidx.loader:loader:1.0.0] AndroidManifest.xml:17:1-22:12
MERGED from [androidx.viewpager:viewpager:1.0.0] AndroidManifest.xml:17:1-22:12
MERGED from [androidx.coordinatorlayout:coordinatorlayout:1.0.0] AndroidManifest.xml:17:1-22:12
MERGED from [androidx.drawerlayout:drawerlayout:1.0.0] AndroidManifest.xml:17:1-22:12
MERGED from [androidx.slidingpanelayout:slidingpanelayout:1.0.0] AndroidManifest.xml:17:1-22:12
MERGED from [androidx.customview:customview:1.0.0] AndroidManifest.xml:17:1-22:12
MERGED from [androidx.swiperefreshlayout:swiperefreshlayout:1.0.0] AndroidManifest.xml:17:1-22:12
MERGED from [androidx.asynclayoutinflater:asynclayoutinflater:1.0.0] AndroidManifest.xml:17:1-22:12
MERGED from [androidx.core:core:1.0.1] AndroidManifest.xml:17:1-24:12
MERGED from [androidx.versionedparcelable:versionedparcelable:1.0.0] AndroidManifest.xml:17:1-25:12
MERGED from [androidx.cursoradapter:cursoradapter:1.0.0] AndroidManifest.xml:17:1-22:12
MERGED from [com.github.bumptech.glide:gifdecoder:4.9.0] AndroidManifest.xml:2:1-11:12
MERGED from [androidx.lifecycle:lifecycle-runtime:2.0.0] AndroidManifest.xml:17:1-22:12
MERGED from [androidx.documentfile:documentfile:1.0.0] AndroidManifest.xml:17:1-22:12
MERGED from [androidx.localbroadcastmanager:localbroadcastmanager:1.0.0] AndroidManifest.xml:17:1-22:12
MERGED from [androidx.print:print:1.0.0] AndroidManifest.xml:17:1-22:12
MERGED from [androidx.lifecycle:lifecycle-viewmodel:2.0.0] AndroidManifest.xml:17:1-22:12
MERGED from [androidx.interpolator:interpolator:1.0.0] AndroidManifest.xml:17:1-22:12
MERGED from [androidx.lifecycle:lifecycle-livedata:2.0.0] AndroidManifest.xml:17:1-22:12
MERGED from [androidx.lifecycle:lifecycle-livedata-core:2.0.0] AndroidManifest.xml:17:1-22:12
MERGED from [androidx.arch.core:core-runtime:2.0.0] AndroidManifest.xml:17:1-22:12
MERGED from [com.facebook.fresco:fbcore:2.0.0] AndroidManifest.xml:2:1-9:12
INJECTED from src\debug\AndroidManifest.xml:2:1-8:12
INJECTED from src\debug\AndroidManifest.xml:2:1-8:12
INJECTED from src\debug\AndroidManifest.xml:2:1-8:12
	package
		ADDED from src\main\AndroidManifest.xml:2:3-25
		INJECTED from src\main\AndroidManifest.xml
		ADDED from src\main\AndroidManifest.xml:2:3-25
		INJECTED from src\debug\AndroidManifest.xml
	android:versionName
		INJECTED from src\main\AndroidManifest.xml
		ADDED from src\main\AndroidManifest.xml:1:1-27:12
		INJECTED from src\debug\AndroidManifest.xml
	xmlns:tools
		ADDED from src\debug\AndroidManifest.xml:3:5-51
	android:versionCode
		INJECTED from src\main\AndroidManifest.xml
		ADDED from src\main\AndroidManifest.xml:1:1-27:12
		INJECTED from src\debug\AndroidManifest.xml
	xmlns:android
		ADDED from src\main\AndroidManifest.xml:1:11-69
uses-permission#android.permission.INTERNET
ADDED from src\main\AndroidManifest.xml:4:5-67
MERGED from [:expo-file-system] AndroidManifest.xml:12:5-67
MERGED from [:expo-file-system] AndroidManifest.xml:12:5-67
	android:name
		ADDED from src\main\AndroidManifest.xml:4:22-64
uses-permission#android.permission.CAMERA
ADDED from src\main\AndroidManifest.xml:5:5-65
MERGED from [com.google.android:cameraview:1.0.0] AndroidManifest.xml:23:5-65
MERGED from [com.google.android:cameraview:1.0.0] AndroidManifest.xml:23:5-65
	android:name
		ADDED from src\main\AndroidManifest.xml:5:22-62
application
ADDED from src\main\AndroidManifest.xml:7:5-25:19
MERGED from src\main\AndroidManifest.xml:7:5-25:19
MERGED from src\main\AndroidManifest.xml:7:5-25:19
MERGED from [com.facebook.react:react-native:0.61.5] AndroidManifest.xml:11:5-20
MERGED from [com.facebook.react:react-native:0.61.5] AndroidManifest.xml:11:5-20
MERGED from [:expo-file-system] AndroidManifest.xml:17:5-28:19
MERGED from [:expo-file-system] AndroidManifest.xml:17:5-28:19
MERGED from [com.google.android:cameraview:1.0.0] AndroidManifest.xml:32:5-20
MERGED from [com.google.android:cameraview:1.0.0] AndroidManifest.xml:32:5-20
MERGED from [com.facebook.soloader:soloader:0.6.0] AndroidManifest.xml:11:5-20
MERGED from [com.facebook.soloader:soloader:0.6.0] AndroidManifest.xml:11:5-20
MERGED from [com.github.bumptech.glide:glide:4.9.0] AndroidManifest.xml:10:5-20
MERGED from [com.github.bumptech.glide:glide:4.9.0] AndroidManifest.xml:10:5-20
MERGED from [androidx.core:core:1.0.1] AndroidManifest.xml:22:5-89
MERGED from [androidx.core:core:1.0.1] AndroidManifest.xml:22:5-89
MERGED from [androidx.versionedparcelable:versionedparcelable:1.0.0] AndroidManifest.xml:22:5-23:19
MERGED from [androidx.versionedparcelable:versionedparcelable:1.0.0] AndroidManifest.xml:22:5-23:19
MERGED from [com.github.bumptech.glide:gifdecoder:4.9.0] AndroidManifest.xml:9:5-20
MERGED from [com.github.bumptech.glide:gifdecoder:4.9.0] AndroidManifest.xml:9:5-20
	android:appComponentFactory
		ADDED from [androidx.core:core:1.0.1] AndroidManifest.xml:22:18-86
	android:label
		ADDED from src\main\AndroidManifest.xml:9:7-39
		ADDED from src\main\AndroidManifest.xml:9:7-39
	tools:ignore
		ADDED from src\debug\AndroidManifest.xml:7:75-114
	android:roundIcon
		ADDED from src\main\AndroidManifest.xml:11:7-52
		ADDED from src\main\AndroidManifest.xml:11:7-52
	tools:targetApi
		ADDED from src\debug\AndroidManifest.xml:7:54-74
	android:icon
		ADDED from src\main\AndroidManifest.xml:10:7-41
		ADDED from src\main\AndroidManifest.xml:10:7-41
	android:allowBackup
		ADDED from src\main\AndroidManifest.xml:12:7-34
		ADDED from src\main\AndroidManifest.xml:12:7-34
	android:theme
		ADDED from src\main\AndroidManifest.xml:13:7-38
		ADDED from src\main\AndroidManifest.xml:13:7-38
	android:usesCleartextTraffic
		ADDED from src\debug\AndroidManifest.xml:7:18-53
	android:name
		ADDED from src\main\AndroidManifest.xml:8:7-38
		ADDED from src\main\AndroidManifest.xml:8:7-38
activity#com.myappnhe.MainActivity
ADDED from src\main\AndroidManifest.xml:14:7-23:18
	android:label
		ADDED from src\main\AndroidManifest.xml:16:9-41
	android:windowSoftInputMode
		ADDED from src\main\AndroidManifest.xml:18:9-51
	android:configChanges
		ADDED from src\main\AndroidManifest.xml:17:9-79
	android:name
		ADDED from src\main\AndroidManifest.xml:15:9-37
intent-filter#action:name:android.intent.action.MAIN+category:name:android.intent.category.LAUNCHER
ADDED from src\main\AndroidManifest.xml:19:9-22:25
action#android.intent.action.MAIN
ADDED from src\main\AndroidManifest.xml:20:13-65
	android:name
		ADDED from src\main\AndroidManifest.xml:20:21-62
category#android.intent.category.LAUNCHER
ADDED from src\main\AndroidManifest.xml:21:13-73
	android:name
		ADDED from src\main\AndroidManifest.xml:21:23-70
activity#com.facebook.react.devsupport.DevSettingsActivity
ADDED from src\main\AndroidManifest.xml:24:7-84
	android:name
		ADDED from src\main\AndroidManifest.xml:24:17-81
uses-sdk
INJECTED from src\main\AndroidManifest.xml reason: use-sdk injection requested
INJECTED from src\main\AndroidManifest.xml
INJECTED from src\main\AndroidManifest.xml
MERGED from [:unimodules-react-native-adapter] AndroidManifest.xml:7:5-9:41
MERGED from [:unimodules-react-native-adapter] AndroidManifest.xml:7:5-9:41
MERGED from [:react-native-community_async-storage] AndroidManifest.xml:5:5-7:41
MERGED from [:react-native-community_async-storage] AndroidManifest.xml:5:5-7:41
MERGED from [:react-native-fs] AndroidManifest.xml:7:5-9:41
MERGED from [:react-native-fs] AndroidManifest.xml:7:5-9:41
MERGED from [:react-native-svg] AndroidManifest.xml:5:5-7:41
MERGED from [:react-native-svg] AndroidManifest.xml:5:5-7:41
MERGED from [com.facebook.react:react-native:0.61.5] AndroidManifest.xml:7:5-9:41
MERGED from [com.facebook.react:react-native:0.61.5] AndroidManifest.xml:7:5-9:41
MERGED from [org.webkit:android-jsc:r245459] AndroidManifest.xml:7:5-9:41
MERGED from [org.webkit:android-jsc:r245459] AndroidManifest.xml:7:5-9:41
MERGED from [:expo-app-loader-provider] AndroidManifest.xml:7:5-9:41
MERGED from [:expo-app-loader-provider] AndroidManifest.xml:7:5-9:41
MERGED from [:expo-camera] AndroidManifest.xml:7:5-9:41
MERGED from [:expo-camera] AndroidManifest.xml:7:5-9:41
MERGED from [:expo-constants] AndroidManifest.xml:7:5-9:41
MERGED from [:expo-constants] AndroidManifest.xml:7:5-9:41
MERGED from [:expo-file-system] AndroidManifest.xml:8:5-10:41
MERGED from [:expo-file-system] AndroidManifest.xml:8:5-10:41
MERGED from [:expo-gl] AndroidManifest.xml:7:5-9:41
MERGED from [:expo-gl] AndroidManifest.xml:7:5-9:41
MERGED from [:expo-image-manipulator] AndroidManifest.xml:7:5-9:41
MERGED from [:expo-image-manipulator] AndroidManifest.xml:7:5-9:41
MERGED from [:expo-permissions] AndroidManifest.xml:7:5-9:41
MERGED from [:expo-permissions] AndroidManifest.xml:7:5-9:41
MERGED from [:unimodules-barcode-scanner-interface] AndroidManifest.xml:7:5-9:41
MERGED from [:unimodules-barcode-scanner-interface] AndroidManifest.xml:7:5-9:41
MERGED from [:unimodules-camera-interface] AndroidManifest.xml:7:5-9:41
MERGED from [:unimodules-camera-interface] AndroidManifest.xml:7:5-9:41
MERGED from [:unimodules-constants-interface] AndroidManifest.xml:7:5-9:41
MERGED from [:unimodules-constants-interface] AndroidManifest.xml:7:5-9:41
MERGED from [:unimodules-face-detector-interface] AndroidManifest.xml:7:5-9:41
MERGED from [:unimodules-face-detector-interface] AndroidManifest.xml:7:5-9:41
MERGED from [:unimodules-file-system-interface] AndroidManifest.xml:7:5-9:41
MERGED from [:unimodules-file-system-interface] AndroidManifest.xml:7:5-9:41
MERGED from [:unimodules-font-interface] AndroidManifest.xml:7:5-9:41
MERGED from [:unimodules-font-interface] AndroidManifest.xml:7:5-9:41
MERGED from [:unimodules-permissions-interface] AndroidManifest.xml:7:5-9:41
MERGED from [:unimodules-permissions-interface] AndroidManifest.xml:7:5-9:41
MERGED from [:unimodules-task-manager-interface] AndroidManifest.xml:7:5-9:41
MERGED from [:unimodules-task-manager-interface] AndroidManifest.xml:7:5-9:41
MERGED from [:unimodules-core] AndroidManifest.xml:7:5-9:41
MERGED from [:unimodules-core] AndroidManifest.xml:7:5-9:41
MERGED from [:expo-gl-cpp] AndroidManifest.xml:7:5-9:41
MERGED from [:expo-gl-cpp] AndroidManifest.xml:7:5-9:41
MERGED from [:unimodules-image-loader-interface] AndroidManifest.xml:7:5-9:41
MERGED from [:unimodules-image-loader-interface] AndroidManifest.xml:7:5-9:41
MERGED from [:unimodules-sensors-interface] AndroidManifest.xml:7:5-9:41
MERGED from [:unimodules-sensors-interface] AndroidManifest.xml:7:5-9:41
MERGED from [com.google.android:cameraview:1.0.0] AndroidManifest.xml:19:5-21:41
MERGED from [com.google.android:cameraview:1.0.0] AndroidManifest.xml:19:5-21:41
MERGED from [androidx.appcompat:appcompat:1.0.2] AndroidManifest.xml:20:5-44
MERGED from [androidx.appcompat:appcompat:1.0.2] AndroidManifest.xml:20:5-44
MERGED from [com.facebook.fresco:fresco:2.0.0] AndroidManifest.xml:5:5-7:41
MERGED from [com.facebook.fresco:fresco:2.0.0] AndroidManifest.xml:5:5-7:41
MERGED from [com.facebook.fresco:imagepipeline-okhttp3:2.0.0] AndroidManifest.xml:5:5-7:41
MERGED from [com.facebook.fresco:imagepipeline-okhttp3:2.0.0] AndroidManifest.xml:5:5-7:41
MERGED from [com.facebook.fresco:drawee:2.0.0] AndroidManifest.xml:5:5-7:41
MERGED from [com.facebook.fresco:drawee:2.0.0] AndroidManifest.xml:5:5-7:41
MERGED from [com.facebook.fresco:nativeimagefilters:2.0.0] AndroidManifest.xml:5:5-7:41
MERGED from [com.facebook.fresco:nativeimagefilters:2.0.0] AndroidManifest.xml:5:5-7:41
MERGED from [com.facebook.fresco:imagepipeline:2.0.0] AndroidManifest.xml:5:5-7:41
MERGED from [com.facebook.fresco:imagepipeline:2.0.0] AndroidManifest.xml:5:5-7:41
MERGED from [com.facebook.fresco:nativeimagetranscoder:2.0.0] AndroidManifest.xml:5:5-7:41
MERGED from [com.facebook.fresco:nativeimagetranscoder:2.0.0] AndroidManifest.xml:5:5-7:41
MERGED from [com.facebook.fresco:imagepipeline-base:2.0.0] AndroidManifest.xml:5:5-7:41
MERGED from [com.facebook.fresco:imagepipeline-base:2.0.0] AndroidManifest.xml:5:5-7:41
MERGED from [com.facebook.soloader:soloader:0.6.0] AndroidManifest.xml:7:5-9:41
MERGED from [com.facebook.soloader:soloader:0.6.0] AndroidManifest.xml:7:5-9:41
MERGED from [com.github.bumptech.glide:glide:4.9.0] AndroidManifest.xml:6:5-8:41
MERGED from [com.github.bumptech.glide:glide:4.9.0] AndroidManifest.xml:6:5-8:41
MERGED from [androidx.exifinterface:exifinterface:1.0.0] AndroidManifest.xml:20:5-44
MERGED from [androidx.exifinterface:exifinterface:1.0.0] AndroidManifest.xml:20:5-44
MERGED from [androidx.legacy:legacy-support-v4:1.0.0] AndroidManifest.xml:20:5-44
MERGED from [androidx.legacy:legacy-support-v4:1.0.0] AndroidManifest.xml:20:5-44
MERGED from [androidx.fragment:fragment:1.0.0] AndroidManifest.xml:20:5-44
MERGED from [androidx.fragment:fragment:1.0.0] AndroidManifest.xml:20:5-44
MERGED from [androidx.vectordrawable:vectordrawable-animated:1.0.0] AndroidManifest.xml:20:5-44
MERGED from [androidx.vectordrawable:vectordrawable-animated:1.0.0] AndroidManifest.xml:20:5-44
MERGED from [androidx.legacy:legacy-support-core-ui:1.0.0] AndroidManifest.xml:20:5-44
MERGED from [androidx.legacy:legacy-support-core-ui:1.0.0] AndroidManifest.xml:20:5-44
MERGED from [androidx.legacy:legacy-support-core-utils:1.0.0] AndroidManifest.xml:20:5-44
MERGED from [androidx.legacy:legacy-support-core-utils:1.0.0] AndroidManifest.xml:20:5-44
MERGED from [androidx.vectordrawable:vectordrawable:1.0.1] AndroidManifest.xml:20:5-44
MERGED from [androidx.vectordrawable:vectordrawable:1.0.1] AndroidManifest.xml:20:5-44
MERGED from [androidx.media:media:1.0.0] AndroidManifest.xml:20:5-44
MERGED from [androidx.media:media:1.0.0] AndroidManifest.xml:20:5-44
MERGED from [androidx.loader:loader:1.0.0] AndroidManifest.xml:20:5-44
MERGED from [androidx.loader:loader:1.0.0] AndroidManifest.xml:20:5-44
MERGED from [androidx.viewpager:viewpager:1.0.0] AndroidManifest.xml:20:5-44
MERGED from [androidx.viewpager:viewpager:1.0.0] AndroidManifest.xml:20:5-44
MERGED from [androidx.coordinatorlayout:coordinatorlayout:1.0.0] AndroidManifest.xml:20:5-44
MERGED from [androidx.coordinatorlayout:coordinatorlayout:1.0.0] AndroidManifest.xml:20:5-44
MERGED from [androidx.drawerlayout:drawerlayout:1.0.0] AndroidManifest.xml:20:5-44
MERGED from [androidx.drawerlayout:drawerlayout:1.0.0] AndroidManifest.xml:20:5-44
MERGED from [androidx.slidingpanelayout:slidingpanelayout:1.0.0] AndroidManifest.xml:20:5-44
MERGED from [androidx.slidingpanelayout:slidingpanelayout:1.0.0] AndroidManifest.xml:20:5-44
MERGED from [androidx.customview:customview:1.0.0] AndroidManifest.xml:20:5-44
MERGED from [androidx.customview:customview:1.0.0] AndroidManifest.xml:20:5-44
MERGED from [androidx.swiperefreshlayout:swiperefreshlayout:1.0.0] AndroidManifest.xml:20:5-44
MERGED from [androidx.swiperefreshlayout:swiperefreshlayout:1.0.0] AndroidManifest.xml:20:5-44
MERGED from [androidx.asynclayoutinflater:asynclayoutinflater:1.0.0] AndroidManifest.xml:20:5-44
MERGED from [androidx.asynclayoutinflater:asynclayoutinflater:1.0.0] AndroidManifest.xml:20:5-44
MERGED from [androidx.core:core:1.0.1] AndroidManifest.xml:20:5-44
MERGED from [androidx.core:core:1.0.1] AndroidManifest.xml:20:5-44
MERGED from [androidx.versionedparcelable:versionedparcelable:1.0.0] AndroidManifest.xml:20:5-44
MERGED from [androidx.versionedparcelable:versionedparcelable:1.0.0] AndroidManifest.xml:20:5-44
MERGED from [androidx.cursoradapter:cursoradapter:1.0.0] AndroidManifest.xml:20:5-44
MERGED from [androidx.cursoradapter:cursoradapter:1.0.0] AndroidManifest.xml:20:5-44
MERGED from [com.github.bumptech.glide:gifdecoder:4.9.0] AndroidManifest.xml:5:5-7:41
MERGED from [com.github.bumptech.glide:gifdecoder:4.9.0] AndroidManifest.xml:5:5-7:41
MERGED from [androidx.lifecycle:lifecycle-runtime:2.0.0] AndroidManifest.xml:20:5-44
MERGED from [androidx.lifecycle:lifecycle-runtime:2.0.0] AndroidManifest.xml:20:5-44
MERGED from [androidx.documentfile:documentfile:1.0.0] AndroidManifest.xml:20:5-44
MERGED from [androidx.documentfile:documentfile:1.0.0] AndroidManifest.xml:20:5-44
MERGED from [androidx.localbroadcastmanager:localbroadcastmanager:1.0.0] AndroidManifest.xml:20:5-44
MERGED from [androidx.localbroadcastmanager:localbroadcastmanager:1.0.0] AndroidManifest.xml:20:5-44
MERGED from [androidx.print:print:1.0.0] AndroidManifest.xml:20:5-44
MERGED from [androidx.print:print:1.0.0] AndroidManifest.xml:20:5-44
MERGED from [androidx.lifecycle:lifecycle-viewmodel:2.0.0] AndroidManifest.xml:20:5-44
MERGED from [androidx.lifecycle:lifecycle-viewmodel:2.0.0] AndroidManifest.xml:20:5-44
MERGED from [androidx.interpolator:interpolator:1.0.0] AndroidManifest.xml:20:5-44
MERGED from [androidx.interpolator:interpolator:1.0.0] AndroidManifest.xml:20:5-44
MERGED from [androidx.lifecycle:lifecycle-livedata:2.0.0] AndroidManifest.xml:20:5-44
MERGED from [androidx.lifecycle:lifecycle-livedata:2.0.0] AndroidManifest.xml:20:5-44
MERGED from [androidx.lifecycle:lifecycle-livedata-core:2.0.0] AndroidManifest.xml:20:5-44
MERGED from [androidx.lifecycle:lifecycle-livedata-core:2.0.0] AndroidManifest.xml:20:5-44
MERGED from [androidx.arch.core:core-runtime:2.0.0] AndroidManifest.xml:20:5-44
MERGED from [androidx.arch.core:core-runtime:2.0.0] AndroidManifest.xml:20:5-44
MERGED from [com.facebook.fresco:fbcore:2.0.0] AndroidManifest.xml:5:5-7:41
MERGED from [com.facebook.fresco:fbcore:2.0.0] AndroidManifest.xml:5:5-7:41
INJECTED from src\debug\AndroidManifest.xml
INJECTED from src\debug\AndroidManifest.xml
	android:targetSdkVersion
		INJECTED from src\main\AndroidManifest.xml
		INJECTED from src\debug\AndroidManifest.xml
	android:minSdkVersion
		INJECTED from src\main\AndroidManifest.xml
		INJECTED from src\debug\AndroidManifest.xml
uses-permission#android.permission.SYSTEM_ALERT_WINDOW
ADDED from src\debug\AndroidManifest.xml:5:5-77
	android:name
		ADDED from src\debug\AndroidManifest.xml:5:22-75
uses-permission#android.permission.WRITE_EXTERNAL_STORAGE
ADDED from [:react-native-fs] AndroidManifest.xml:11:5-81
MERGED from [:expo-file-system] AndroidManifest.xml:13:5-81
MERGED from [:expo-file-system] AndroidManifest.xml:13:5-81
	android:name
		ADDED from [:react-native-fs] AndroidManifest.xml:11:22-78
uses-permission#android.permission.READ_EXTERNAL_STORAGE
ADDED from [:expo-file-system] AndroidManifest.xml:14:5-80
	android:name
		ADDED from [:expo-file-system] AndroidManifest.xml:14:22-77
uses-permission#android.permission.STORAGE
ADDED from [:expo-file-system] AndroidManifest.xml:15:5-66
	android:name
		ADDED from [:expo-file-system] AndroidManifest.xml:15:22-63
provider#expo.modules.filesystem.FileSystemFileProvider
ADDED from [:expo-file-system] AndroidManifest.xml:18:9-27:20
	android:grantUriPermissions
		ADDED from [:expo-file-system] AndroidManifest.xml:22:13-47
	android:authorities
		ADDED from [:expo-file-system] AndroidManifest.xml:20:13-74
	android:exported
		ADDED from [:expo-file-system] AndroidManifest.xml:21:13-37
	tools:replace
		ADDED from [:expo-file-system] AndroidManifest.xml:23:13-48
	android:name
		ADDED from [:expo-file-system] AndroidManifest.xml:19:13-74
meta-data#android.support.FILE_PROVIDER_PATHS
ADDED from [:expo-file-system] AndroidManifest.xml:24:13-26:70
	android:resource
		ADDED from [:expo-file-system] AndroidManifest.xml:26:17-67
	android:name
		ADDED from [:expo-file-system] AndroidManifest.xml:25:17-67
uses-feature#0x00020000
ADDED from [:expo-gl] AndroidManifest.xml:11:5-13:36
	android:glEsVersion
		ADDED from [:expo-gl] AndroidManifest.xml:12:9-41
	android:required
		ADDED from [:expo-gl] AndroidManifest.xml:13:9-33
uses-feature#android.hardware.camera
ADDED from [com.google.android:cameraview:1.0.0] AndroidManifest.xml:25:5-27:36
	android:required
		ADDED from [com.google.android:cameraview:1.0.0] AndroidManifest.xml:27:9-33
	android:name
		ADDED from [com.google.android:cameraview:1.0.0] AndroidManifest.xml:26:9-47
uses-feature#android.hardware.camera.autofocus
ADDED from [com.google.android:cameraview:1.0.0] AndroidManifest.xml:28:5-30:36
	android:required
		ADDED from [com.google.android:cameraview:1.0.0] AndroidManifest.xml:30:9-33
	android:name
		ADDED from [com.google.android:cameraview:1.0.0] AndroidManifest.xml:29:9-57